# JRE version: OpenJDK Runtime Environment (11.0.8+10) (build 11.0.8+10-b944.6842174)
# Java VM: OpenJDK 64-Bit Server VM (11.0.8+10-b944.6842174, mixed mode, tiered, compressed oops, g1 gc, windows-amd64)
Heap:
 garbage-first heap   total 131072K, used 50850K [0x0000000080000000, 0x0000000100000000)
  region size 1024K, 36 young (36864K), 3 survivors (3072K)
 Metaspace       used 31717K, capacity 32417K, committed 32640K, reserved 1079296K
  class space    used 4112K, capacity 4357K, committed 4480K, reserved 1048576K
GC Heap History (12 events):
Event: 2.034 GC heap before
{Heap before GC invocations=0 (full 0):
 garbage-first heap   total 131072K, used 19456K [0x0000000080000000, 0x0000000100000000)
  region size 1024K, 14 young (14336K), 0 survivors (0K)
 Metaspace       used 7454K, capacity 7663K, committed 7936K, reserved 1056768K
  class space    used 686K, capacity 748K, committed 768K, reserved 1048576K
}
Event: 2.044 GC heap after
{Heap after GC invocations=1 (full 0):
 garbage-first heap   total 131072K, used 7625K [0x0000000080000000, 0x0000000100000000)
  region size 1024K, 2 young (2048K), 2 survivors (2048K)
 Metaspace       used 7454K, capacity 7663K, committed 7936K, reserved 1056768K
  class space    used 686K, capacity 748K, committed 768K, reserved 1048576K
}
Event: 2.807 GC heap before
{Heap before GC invocations=1 (full 0):
 garbage-first heap   total 131072K, used 18889K [0x0000000080000000, 0x0000000100000000)
  region size 1024K, 13 young (13312K), 2 survivors (2048K)
 Metaspace       used 10451K, capacity 10628K, committed 10752K, reserved 1058816K
  class space    used 1100K, capacity 1164K, committed 1280K, reserved 1048576K
}
Event: 2.813 GC heap after
{Heap after GC invocations=2 (full 0):
 garbage-first heap   total 131072K, used 8445K [0x0000000080000000, 0x0000000100000000)
  region size 1024K, 1 young (1024K), 1 survivors (1024K)
 Metaspace       used 10451K, capacity 10628K, committed 10752K, reserved 1058816K
  class space    used 1100K, capacity 1164K, committed 1280K, reserved 1048576K
}
Event: 3.646 GC heap before
{Heap before GC invocations=2 (full 0):
 garbage-first heap   total 131072K, used 34045K [0x0000000080000000, 0x0000000100000000)
  region size 1024K, 27 young (27648K), 1 survivors (1024K)
 Metaspace       used 10604K, capacity 10757K, committed 11008K, reserved 1058816K
  class space    used 1101K, capacity 1164K, committed 1280K, reserved 1048576K
}
Event: 3.652 GC heap after
{Heap after GC invocations=3 (full 0):
 garbage-first heap   total 131072K, used 11981K [0x0000000080000000, 0x0000000100000000)
  region size 1024K, 4 young (4096K), 4 survivors (4096K)
 Metaspace       used 10604K, capacity 10757K, committed 11008K, reserved 1058816K
  class space    used 1101K, capacity 1164K, committed 1280K, reserved 1048576K
}
Event: 6.520 GC heap before
{Heap before GC invocations=3 (full 0):
 garbage-first heap   total 131072K, used 50893K [0x0000000080000000, 0x0000000100000000)
  region size 1024K, 42 young (43008K), 4 survivors (4096K)
 Metaspace       used 18069K, capacity 18448K, committed 18688K, reserved 1064960K
  class space    used 2157K, capacity 2292K, committed 2304K, reserved 1048576K
}
Event: 6.535 GC heap after
{Heap after GC invocations=4 (full 0):
 garbage-first heap   total 131072K, used 15488K [0x0000000080000000, 0x0000000100000000)
  region size 1024K, 4 young (4096K), 4 survivors (4096K)
 Metaspace       used 18069K, capacity 18448K, committed 18688K, reserved 1064960K
  class space    used 2157K, capacity 2292K, committed 2304K, reserved 1048576K
}
Event: 7.179 GC heap before
{Heap before GC invocations=4 (full 0):
 garbage-first heap   total 131072K, used 32896K [0x0000000080000000, 0x0000000100000000)
  region size 1024K, 22 young (22528K), 4 survivors (4096K)
 Metaspace       used 20636K, capacity 21093K, committed 21248K, reserved 1067008K
  class space    used 2532K, capacity 2710K, committed 2816K, reserved 1048576K
}
Event: 7.190 GC heap after
{Heap after GC invocations=5 (full 0):
 garbage-first heap   total 131072K, used 15886K [0x0000000080000000, 0x0000000100000000)
  region size 1024K, 4 young (4096K), 4 survivors (4096K)
 Metaspace       used 20636K, capacity 21093K, committed 21248K, reserved 1067008K
  class space    used 2532K, capacity 2710K, committed 2816K, reserved 1048576K
}
Event: 10.825 GC heap before
{Heap before GC invocations=6 (full 0):
 garbage-first heap   total 131072K, used 68110K [0x0000000080000000, 0x0000000100000000)
  region size 1024K, 55 young (56320K), 4 survivors (4096K)
 Metaspace       used 26449K, capacity 27064K, committed 27264K, reserved 1073152K
  class space    used 3474K, capacity 3704K, committed 3712K, reserved 1048576K
}
Event: 10.842 GC heap after
{Heap after GC invocations=7 (full 0):
 garbage-first heap   total 131072K, used 18082K [0x0000000080000000, 0x0000000100000000)
  region size 1024K, 3 young (3072K), 3 survivors (3072K)
 Metaspace       used 26449K, capacity 27064K, committed 27264K, reserved 1073152K
  class space    used 3474K, capacity 3704K, committed 3712K, reserved 1048576K
}

