# JRE version: OpenJDK Runtime Environment (11.0.8+10) (build 11.0.8+10-b944.6842174)
# Java VM: OpenJDK 64-Bit Server VM (11.0.8+10-b944.6842174, mixed mode, tiered, compressed oops, g1 gc, windows-amd64)
Heap:
 garbage-first heap   total 256000K, used 150618K [0x0000000080000000, 0x0000000100000000)
  region size 1024K, 51 young (52224K), 1 survivors (1024K)
 Metaspace       used 122168K, capacity 124931K, committed 125516K, reserved 1159168K
  class space    used 14782K, capacity 15739K, committed 15948K, reserved 1048576K
GC Heap History (20 events):
Event: 6221.160 GC heap before
{Heap before GC invocations=71 (full 0):
 garbage-first heap   total 157696K, used 132544K [0x0000000080000000, 0x0000000100000000)
  region size 1024K, 18 young (18432K), 2 survivors (2048K)
 Metaspace       used 114394K, capacity 117090K, committed 117836K, reserved 1153024K
  class space    used 14033K, capacity 14974K, committed 15180K, reserved 1048576K
}
Event: 6221.176 GC heap after
{Heap after GC invocations=72 (full 0):
 garbage-first heap   total 157696K, used 111166K [0x0000000080000000, 0x0000000100000000)
  region size 1024K, 3 young (3072K), 3 survivors (3072K)
 Metaspace       used 114394K, capacity 117090K, committed 117836K, reserved 1153024K
  class space    used 14033K, capacity 14974K, committed 15180K, reserved 1048576K
}
Event: 6221.692 GC heap before
{Heap before GC invocations=72 (full 0):
 garbage-first heap   total 157696K, used 115262K [0x0000000080000000, 0x0000000100000000)
  region size 1024K, 7 young (7168K), 3 survivors (3072K)
 Metaspace       used 114399K, capacity 117090K, committed 117836K, reserved 1153024K
  class space    used 14033K, capacity 14974K, committed 15180K, reserved 1048576K
}
Event: 6221.709 GC heap after
{Heap after GC invocations=73 (full 0):
 garbage-first heap   total 157696K, used 111332K [0x0000000080000000, 0x0000000100000000)
  region size 1024K, 1 young (1024K), 1 survivors (1024K)
 Metaspace       used 114399K, capacity 117090K, committed 117836K, reserved 1153024K
  class space    used 14033K, capacity 14974K, committed 15180K, reserved 1048576K
}
Event: 6223.046 GC heap before
{Heap before GC invocations=73 (full 0):
 garbage-first heap   total 157696K, used 126692K [0x0000000080000000, 0x0000000100000000)
  region size 1024K, 16 young (16384K), 1 survivors (1024K)
 Metaspace       used 114480K, capacity 117164K, committed 117836K, reserved 1153024K
  class space    used 14038K, capacity 14977K, committed 15180K, reserved 1048576K
}
Event: 6223.062 GC heap after
{Heap after GC invocations=74 (full 0):
 garbage-first heap   total 157696K, used 114163K [0x0000000080000000, 0x0000000100000000)
  region size 1024K, 2 young (2048K), 2 survivors (2048K)
 Metaspace       used 114480K, capacity 117164K, committed 117836K, reserved 1153024K
  class space    used 14038K, capacity 14977K, committed 15180K, reserved 1048576K
}
Event: 6223.180 GC heap before
{Heap before GC invocations=74 (full 0):
 garbage-first heap   total 157696K, used 115187K [0x0000000080000000, 0x0000000100000000)
  region size 1024K, 5 young (5120K), 2 survivors (2048K)
 Metaspace       used 114483K, capacity 117164K, committed 117836K, reserved 1153024K
  class space    used 14038K, capacity 14977K, committed 15180K, reserved 1048576K
}
Event: 6223.201 GC heap after
{Heap after GC invocations=75 (full 0):
 garbage-first heap   total 157696K, used 116558K [0x0000000080000000, 0x0000000100000000)
  region size 1024K, 2 young (2048K), 2 survivors (2048K)
 Metaspace       used 114483K, capacity 117164K, committed 117836K, reserved 1153024K
  class space    used 14038K, capacity 14977K, committed 15180K, reserved 1048576K
}
Event: 6223.781 GC heap before
{Heap before GC invocations=75 (full 0):
 garbage-first heap   total 157696K, used 140110K [0x0000000080000000, 0x0000000100000000)
  region size 1024K, 12 young (12288K), 2 survivors (2048K)
 Metaspace       used 114714K, capacity 117435K, committed 118092K, reserved 1153024K
  class space    used 14054K, capacity 15016K, committed 15180K, reserved 1048576K
}
Event: 6223.793 GC heap after
{Heap after GC invocations=76 (full 0):
 garbage-first heap   total 189440K, used 116664K [0x0000000080000000, 0x0000000100000000)
  region size 1024K, 2 young (2048K), 2 survivors (2048K)
 Metaspace       used 114714K, capacity 117435K, committed 118092K, reserved 1153024K
  class space    used 14054K, capacity 15016K, committed 15180K, reserved 1048576K
}
Event: 6224.517 GC heap before
{Heap before GC invocations=77 (full 0):
 garbage-first heap   total 189440K, used 137144K [0x0000000080000000, 0x0000000100000000)
  region size 1024K, 23 young (23552K), 2 survivors (2048K)
 Metaspace       used 117334K, capacity 120001K, committed 120652K, reserved 1155072K
  class space    used 14272K, capacity 15210K, committed 15436K, reserved 1048576K
}
Event: 6224.530 GC heap after
{Heap after GC invocations=78 (full 0):
 garbage-first heap   total 189440K, used 119101K [0x0000000080000000, 0x0000000100000000)
  region size 1024K, 3 young (3072K), 3 survivors (3072K)
 Metaspace       used 117334K, capacity 120001K, committed 120652K, reserved 1155072K
  class space    used 14272K, capacity 15210K, committed 15436K, reserved 1048576K
}
Event: 6225.217 GC heap before
{Heap before GC invocations=78 (full 0):
 garbage-first heap   total 189440K, used 140605K [0x0000000080000000, 0x0000000100000000)
  region size 1024K, 25 young (25600K), 3 survivors (3072K)
 Metaspace       used 117789K, capacity 120481K, committed 121164K, reserved 1155072K
  class space    used 14291K, capacity 15242K, committed 15436K, reserved 1048576K
}
Event: 6225.240 GC heap after
{Heap after GC invocations=79 (full 0):
 garbage-first heap   total 189440K, used 121164K [0x0000000080000000, 0x0000000100000000)
  region size 1024K, 2 young (2048K), 2 survivors (2048K)
 Metaspace       used 117789K, capacity 120481K, committed 121164K, reserved 1155072K
  class space    used 14291K, capacity 15242K, committed 15436K, reserved 1048576K
}
Event: 6225.700 GC heap before
{Heap before GC invocations=79 (full 0):
 garbage-first heap   total 189440K, used 137548K [0x0000000080000000, 0x0000000100000000)
  region size 1024K, 25 young (25600K), 2 survivors (2048K)
 Metaspace       used 118116K, capacity 120833K, committed 121420K, reserved 1155072K
  class space    used 14314K, capacity 15274K, committed 15436K, reserved 1048576K
}
Event: 6225.780 GC heap after
{Heap after GC invocations=80 (full 0):
 garbage-first heap   total 189440K, used 117567K [0x0000000080000000, 0x0000000100000000)
  region size 1024K, 4 young (4096K), 4 survivors (4096K)
 Metaspace       used 118116K, capacity 120833K, committed 121420K, reserved 1155072K
  class space    used 14314K, capacity 15274K, committed 15436K, reserved 1048576K
}
Event: 6226.847 GC heap before
{Heap before GC invocations=81 (full 0):
 garbage-first heap   total 189440K, used 142143K [0x0000000080000000, 0x0000000100000000)
  region size 1024K, 29 young (29696K), 4 survivors (4096K)
 Metaspace       used 118729K, capacity 121453K, committed 121932K, reserved 1155072K
  class space    used 14355K, capacity 15308K, committed 15436K, reserved 1048576K
}
Event: 6227.017 GC heap after
{Heap after GC invocations=82 (full 0):
 garbage-first heap   total 256000K, used 115803K [0x0000000080000000, 0x0000000100000000)
  region size 1024K, 1 young (1024K), 1 survivors (1024K)
 Metaspace       used 118729K, capacity 121453K, committed 121932K, reserved 1155072K
  class space    used 14355K, capacity 15308K, committed 15436K, reserved 1048576K
}
Event: 6228.377 GC heap before
{Heap before GC invocations=82 (full 0):
 garbage-first heap   total 256000K, used 126043K [0x0000000080000000, 0x0000000100000000)
  region size 1024K, 12 young (12288K), 1 survivors (1024K)
 Metaspace       used 119074K, capacity 121754K, committed 122316K, reserved 1157120K
  class space    used 14397K, capacity 15344K, committed 15564K, reserved 1048576K
}
Event: 6228.393 GC heap after
{Heap after GC invocations=83 (full 0):
 garbage-first heap   total 256000K, used 101466K [0x0000000080000000, 0x0000000100000000)
  region size 1024K, 1 young (1024K), 1 survivors (1024K)
 Metaspace       used 119074K, capacity 121754K, committed 122316K, reserved 1157120K
  class space    used 14397K, capacity 15344K, committed 15564K, reserved 1048576K
}

