# JRE version: OpenJDK Runtime Environment (11.0.8+10) (build 11.0.8+10-b944.6842174)
# Java VM: OpenJDK 64-Bit Server VM (11.0.8+10-b944.6842174, mixed mode, tiered, compressed oops, g1 gc, windows-amd64)
Heap:
 garbage-first heap   total 160768K, used 62102K [0x0000000080000000, 0x0000000100000000)
  region size 1024K, 24 young (24576K), 9 survivors (9216K)
 Metaspace       used 65677K, capacity 67176K, committed 67328K, reserved 1107968K
  class space    used 8564K, capacity 9091K, committed 9216K, reserved 1048576K
GC Heap History (20 events):
Event: 3.292 GC heap before
{Heap before GC invocations=2 (full 0):
 garbage-first heap   total 131072K, used 31068K [0x0000000080000000, 0x0000000100000000)
  region size 1024K, 24 young (24576K), 1 survivors (1024K)
 Metaspace       used 10574K, capacity 10773K, committed 11008K, reserved 1058816K
  class space    used 1100K, capacity 1164K, committed 1280K, reserved 1048576K
}
Event: 3.297 GC heap after
{Heap after GC invocations=3 (full 0):
 garbage-first heap   total 131072K, used 10789K [0x0000000080000000, 0x0000000100000000)
  region size 1024K, 3 young (3072K), 3 survivors (3072K)
 Metaspace       used 10574K, capacity 10773K, committed 11008K, reserved 1058816K
  class space    used 1100K, capacity 1164K, committed 1280K, reserved 1048576K
}
Event: 6.144 GC heap before
{Heap before GC invocations=3 (full 0):
 garbage-first heap   total 131072K, used 44581K [0x0000000080000000, 0x0000000100000000)
  region size 1024K, 37 young (37888K), 3 survivors (3072K)
 Metaspace       used 17148K, capacity 17559K, committed 17792K, reserved 1064960K
  class space    used 1991K, capacity 2116K, committed 2176K, reserved 1048576K
}
Event: 6.158 GC heap after
{Heap after GC invocations=4 (full 0):
 garbage-first heap   total 131072K, used 15237K [0x0000000080000000, 0x0000000100000000)
  region size 1024K, 5 young (5120K), 5 survivors (5120K)
 Metaspace       used 17148K, capacity 17559K, committed 17792K, reserved 1064960K
  class space    used 1991K, capacity 2116K, committed 2176K, reserved 1048576K
}
Event: 6.788 GC heap before
{Heap before GC invocations=4 (full 0):
 garbage-first heap   total 131072K, used 41861K [0x0000000080000000, 0x0000000100000000)
  region size 1024K, 32 young (32768K), 5 survivors (5120K)
 Metaspace       used 20641K, capacity 21109K, committed 21248K, reserved 1067008K
  class space    used 2532K, capacity 2710K, committed 2816K, reserved 1048576K
}
Event: 6.797 GC heap after
{Heap after GC invocations=5 (full 0):
 garbage-first heap   total 131072K, used 16408K [0x0000000080000000, 0x0000000100000000)
  region size 1024K, 5 young (5120K), 5 survivors (5120K)
 Metaspace       used 20641K, capacity 21109K, committed 21248K, reserved 1067008K
  class space    used 2532K, capacity 2710K, committed 2816K, reserved 1048576K
}
Event: 8.280 GC heap before
{Heap before GC invocations=6 (full 0):
 garbage-first heap   total 131072K, used 64536K [0x0000000080000000, 0x0000000100000000)
  region size 1024K, 52 young (53248K), 5 survivors (5120K)
 Metaspace       used 26151K, capacity 26739K, committed 27008K, reserved 1073152K
  class space    used 3415K, capacity 3632K, committed 3712K, reserved 1048576K
}
Event: 8.291 GC heap after
{Heap after GC invocations=7 (full 0):
 garbage-first heap   total 131072K, used 18529K [0x0000000080000000, 0x0000000100000000)
  region size 1024K, 3 young (3072K), 3 survivors (3072K)
 Metaspace       used 26151K, capacity 26739K, committed 27008K, reserved 1073152K
  class space    used 3415K, capacity 3632K, committed 3712K, reserved 1048576K
}
Event: 10.174 GC heap before
{Heap before GC invocations=7 (full 0):
 garbage-first heap   total 131072K, used 67681K [0x0000000080000000, 0x0000000100000000)
  region size 1024K, 52 young (53248K), 3 survivors (3072K)
 Metaspace       used 35104K, capacity 35773K, committed 35840K, reserved 1081344K
  class space    used 4569K, capacity 4856K, committed 4864K, reserved 1048576K
}
Event: 10.193 GC heap after
{Heap after GC invocations=8 (full 0):
 garbage-first heap   total 131072K, used 21601K [0x0000000080000000, 0x0000000100000000)
  region size 1024K, 6 young (6144K), 6 survivors (6144K)
 Metaspace       used 35104K, capacity 35773K, committed 35840K, reserved 1081344K
  class space    used 4569K, capacity 4856K, committed 4864K, reserved 1048576K
}
Event: 11.887 GC heap before
{Heap before GC invocations=9 (full 0):
 garbage-first heap   total 131072K, used 82017K [0x0000000080000000, 0x0000000100000000)
  region size 1024K, 62 young (63488K), 6 survivors (6144K)
 Metaspace       used 40739K, capacity 41601K, committed 41728K, reserved 1085440K
  class space    used 5207K, capacity 5534K, committed 5632K, reserved 1048576K
}
Event: 11.911 GC heap after
{Heap after GC invocations=10 (full 0):
 garbage-first heap   total 131072K, used 25084K [0x0000000080000000, 0x0000000100000000)
  region size 1024K, 7 young (7168K), 7 survivors (7168K)
 Metaspace       used 40739K, capacity 41601K, committed 41728K, reserved 1085440K
  class space    used 5207K, capacity 5534K, committed 5632K, reserved 1048576K
}
Event: 14.066 GC heap before
{Heap before GC invocations=10 (full 0):
 garbage-first heap   total 131072K, used 85500K [0x0000000080000000, 0x0000000100000000)
  region size 1024K, 66 young (67584K), 7 survivors (7168K)
 Metaspace       used 44266K, capacity 45248K, committed 45440K, reserved 1089536K
  class space    used 5664K, capacity 6004K, committed 6016K, reserved 1048576K
}
Event: 14.086 GC heap after
{Heap after GC invocations=11 (full 0):
 garbage-first heap   total 160768K, used 27642K [0x0000000080000000, 0x0000000100000000)
  region size 1024K, 6 young (6144K), 6 survivors (6144K)
 Metaspace       used 44266K, capacity 45248K, committed 45440K, reserved 1089536K
  class space    used 5664K, capacity 6004K, committed 6016K, reserved 1048576K
}
Event: 17.300 GC heap before
{Heap before GC invocations=11 (full 0):
 garbage-first heap   total 160768K, used 101370K [0x0000000080000000, 0x0000000100000000)
  region size 1024K, 76 young (77824K), 6 survivors (6144K)
 Metaspace       used 52925K, capacity 54132K, committed 54272K, reserved 1095680K
  class space    used 6713K, capacity 7137K, committed 7168K, reserved 1048576K
}
Event: 17.322 GC heap after
{Heap after GC invocations=12 (full 0):
 garbage-first heap   total 160768K, used 38895K [0x0000000080000000, 0x0000000100000000)
  region size 1024K, 10 young (10240K), 10 survivors (10240K)
 Metaspace       used 52925K, capacity 54132K, committed 54272K, reserved 1095680K
  class space    used 6713K, capacity 7137K, committed 7168K, reserved 1048576K
}
Event: 21.195 GC heap before
{Heap before GC invocations=12 (full 0):
 garbage-first heap   total 160768K, used 89071K [0x0000000080000000, 0x0000000100000000)
  region size 1024K, 60 young (61440K), 10 survivors (10240K)
 Metaspace       used 58769K, capacity 60118K, committed 60160K, reserved 1101824K
  class space    used 7435K, capacity 7927K, committed 7936K, reserved 1048576K
}
Event: 21.247 GC heap after
{Heap after GC invocations=13 (full 0):
 garbage-first heap   total 160768K, used 43700K [0x0000000080000000, 0x0000000100000000)
  region size 1024K, 5 young (5120K), 5 survivors (5120K)
 Metaspace       used 58769K, capacity 60118K, committed 60160K, reserved 1101824K
  class space    used 7435K, capacity 7927K, committed 7936K, reserved 1048576K
}
Event: 24.815 GC heap before
{Heap before GC invocations=14 (full 0):
 garbage-first heap   total 160768K, used 108212K [0x0000000080000000, 0x0000000100000000)
  region size 1024K, 68 young (69632K), 5 survivors (5120K)
 Metaspace       used 64314K, capacity 65773K, committed 66048K, reserved 1105920K
  class space    used 8354K, capacity 8888K, committed 8960K, reserved 1048576K
}
Event: 24.839 GC heap after
{Heap after GC invocations=15 (full 0):
 garbage-first heap   total 160768K, used 47766K [0x0000000080000000, 0x0000000100000000)
  region size 1024K, 9 young (9216K), 9 survivors (9216K)
 Metaspace       used 64314K, capacity 65773K, committed 66048K, reserved 1105920K
  class space    used 8354K, capacity 8888K, committed 8960K, reserved 1048576K
}

