# JRE version: OpenJDK Runtime Environment (11.0.8+10) (build 11.0.8+10-b944.6842174)
# Java VM: OpenJDK 64-Bit Server VM (11.0.8+10-b944.6842174, mixed mode, tiered, compressed oops, g1 gc, windows-amd64)
Heap:
 garbage-first heap   total 246784K, used 129904K [0x0000000080000000, 0x0000000100000000)
  region size 1024K, 48 young (49152K), 1 survivors (1024K)
 Metaspace       used 112738K, capacity 115512K, committed 115840K, reserved 1150976K
  class space    used 14020K, capacity 15050K, committed 15232K, reserved 1048576K
GC Heap History (20 events):
Event: 310.300 GC heap before
{Heap before GC invocations=49 (full 0):
 garbage-first heap   total 246784K, used 171335K [0x0000000080000000, 0x0000000100000000)
  region size 1024K, 53 young (54272K), 2 survivors (2048K)
 Metaspace       used 111069K, capacity 113896K, committed 113920K, reserved 1148928K
  class space    used 14036K, capacity 15097K, committed 15104K, reserved 1048576K
}
Event: 310.318 GC heap after
{Heap after GC invocations=50 (full 0):
 garbage-first heap   total 246784K, used 121708K [0x0000000080000000, 0x0000000100000000)
  region size 1024K, 4 young (4096K), 4 survivors (4096K)
 Metaspace       used 111069K, capacity 113896K, committed 113920K, reserved 1148928K
  class space    used 14036K, capacity 15097K, committed 15104K, reserved 1048576K
}
Event: 1146.208 GC heap before
{Heap before GC invocations=50 (full 0):
 garbage-first heap   total 246784K, used 175980K [0x0000000080000000, 0x0000000100000000)
  region size 1024K, 58 young (59392K), 4 survivors (4096K)
 Metaspace       used 111256K, capacity 114035K, committed 114176K, reserved 1148928K
  class space    used 14036K, capacity 15098K, committed 15104K, reserved 1048576K
}
Event: 1146.291 GC heap after
{Heap after GC invocations=51 (full 0):
 garbage-first heap   total 246784K, used 121310K [0x0000000080000000, 0x0000000100000000)
  region size 1024K, 4 young (4096K), 4 survivors (4096K)
 Metaspace       used 111256K, capacity 114035K, committed 114176K, reserved 1148928K
  class space    used 14036K, capacity 15098K, committed 15104K, reserved 1048576K
}
Event: 4311.584 GC heap before
{Heap before GC invocations=51 (full 0):
 garbage-first heap   total 246784K, used 179678K [0x0000000080000000, 0x0000000100000000)
  region size 1024K, 62 young (63488K), 4 survivors (4096K)
 Metaspace       used 111362K, capacity 114163K, committed 114176K, reserved 1148928K
  class space    used 14036K, capacity 15098K, committed 15104K, reserved 1048576K
}
Event: 4311.711 GC heap after
{Heap after GC invocations=52 (full 0):
 garbage-first heap   total 246784K, used 121468K [0x0000000080000000, 0x0000000100000000)
  region size 1024K, 4 young (4096K), 4 survivors (4096K)
 Metaspace       used 111362K, capacity 114163K, committed 114176K, reserved 1148928K
  class space    used 14036K, capacity 15098K, committed 15104K, reserved 1048576K
}
Event: 6590.667 GC heap before
{Heap before GC invocations=53 (full 0):
 garbage-first heap   total 246784K, used 160380K [0x0000000080000000, 0x0000000100000000)
  region size 1024K, 66 young (67584K), 4 survivors (4096K)
 Metaspace       used 110921K, capacity 113373K, committed 114432K, reserved 1148928K
  class space    used 13930K, capacity 14896K, committed 15104K, reserved 1048576K
}
Event: 6590.737 GC heap after
{Heap after GC invocations=54 (full 0):
 garbage-first heap   total 246784K, used 99811K [0x0000000080000000, 0x0000000100000000)
  region size 1024K, 6 young (6144K), 6 survivors (6144K)
 Metaspace       used 110921K, capacity 113373K, committed 114432K, reserved 1148928K
  class space    used 13930K, capacity 14896K, committed 15104K, reserved 1048576K
}
Event: 6591.033 GC heap before
{Heap before GC invocations=54 (full 0):
 garbage-first heap   total 246784K, used 105955K [0x0000000080000000, 0x0000000100000000)
  region size 1024K, 12 young (12288K), 6 survivors (6144K)
 Metaspace       used 111002K, capacity 113455K, committed 114432K, reserved 1148928K
  class space    used 13938K, capacity 14911K, committed 15104K, reserved 1048576K
}
Event: 6591.123 GC heap after
{Heap after GC invocations=55 (full 0):
 garbage-first heap   total 246784K, used 78711K [0x0000000080000000, 0x0000000100000000)
  region size 1024K, 2 young (2048K), 2 survivors (2048K)
 Metaspace       used 111002K, capacity 113455K, committed 114432K, reserved 1148928K
  class space    used 13938K, capacity 14911K, committed 15104K, reserved 1048576K
}
Event: 6591.635 GC heap before
{Heap before GC invocations=55 (full 0):
 garbage-first heap   total 246784K, used 88951K [0x0000000080000000, 0x0000000100000000)
  region size 1024K, 12 young (12288K), 2 survivors (2048K)
 Metaspace       used 111162K, capacity 113806K, committed 114688K, reserved 1148928K
  class space    used 13946K, capacity 14925K, committed 15104K, reserved 1048576K
}
Event: 6591.688 GC heap after
{Heap after GC invocations=56 (full 0):
 garbage-first heap   total 246784K, used 74752K [0x0000000080000000, 0x0000000100000000)
  region size 1024K, 2 young (2048K), 2 survivors (2048K)
 Metaspace       used 111162K, capacity 113806K, committed 114688K, reserved 1148928K
  class space    used 13946K, capacity 14925K, committed 15104K, reserved 1048576K
}
Event: 6602.781 GC heap before
{Heap before GC invocations=56 (full 0):
 garbage-first heap   total 246784K, used 165888K [0x0000000080000000, 0x0000000100000000)
  region size 1024K, 92 young (94208K), 2 survivors (2048K)
 Metaspace       used 111841K, capacity 114543K, committed 115072K, reserved 1148928K
  class space    used 13992K, capacity 15018K, committed 15232K, reserved 1048576K
}
Event: 6602.926 GC heap after
{Heap after GC invocations=57 (full 0):
 garbage-first heap   total 246784K, used 80262K [0x0000000080000000, 0x0000000100000000)
  region size 1024K, 8 young (8192K), 8 survivors (8192K)
 Metaspace       used 111841K, capacity 114543K, committed 115072K, reserved 1148928K
  class space    used 13992K, capacity 15018K, committed 15232K, reserved 1048576K
}
Event: 6608.949 GC heap before
{Heap before GC invocations=58 (full 0):
 garbage-first heap   total 246784K, used 156038K [0x0000000080000000, 0x0000000100000000)
  region size 1024K, 81 young (82944K), 8 survivors (8192K)
 Metaspace       used 112312K, capacity 114960K, committed 115584K, reserved 1148928K
  class space    used 14006K, capacity 15025K, committed 15232K, reserved 1048576K
}
Event: 6608.985 GC heap after
{Heap after GC invocations=59 (full 0):
 garbage-first heap   total 246784K, used 83779K [0x0000000080000000, 0x0000000100000000)
  region size 1024K, 7 young (7168K), 7 survivors (7168K)
 Metaspace       used 112312K, capacity 114960K, committed 115584K, reserved 1148928K
  class space    used 14006K, capacity 15025K, committed 15232K, reserved 1048576K
}
Event: 6609.138 GC heap before
{Heap before GC invocations=59 (full 0):
 garbage-first heap   total 246784K, used 87875K [0x0000000080000000, 0x0000000100000000)
  region size 1024K, 12 young (12288K), 7 survivors (7168K)
 Metaspace       used 112313K, capacity 114960K, committed 115584K, reserved 1148928K
  class space    used 14006K, capacity 15025K, committed 15232K, reserved 1048576K
}
Event: 6609.239 GC heap after
{Heap after GC invocations=60 (full 0):
 garbage-first heap   total 246784K, used 76216K [0x0000000080000000, 0x0000000100000000)
  region size 1024K, 1 young (1024K), 1 survivors (1024K)
 Metaspace       used 112313K, capacity 114960K, committed 115584K, reserved 1148928K
  class space    used 14006K, capacity 15025K, committed 15232K, reserved 1048576K
}
Event: 6609.462 GC heap before
{Heap before GC invocations=60 (full 0):
 garbage-first heap   total 246784K, used 83384K [0x0000000080000000, 0x0000000100000000)
  region size 1024K, 9 young (9216K), 1 survivors (1024K)
 Metaspace       used 112315K, capacity 114960K, committed 115584K, reserved 1148928K
  class space    used 14006K, capacity 15025K, committed 15232K, reserved 1048576K
}
Event: 6609.470 GC heap after
{Heap after GC invocations=61 (full 0):
 garbage-first heap   total 246784K, used 75632K [0x0000000080000000, 0x0000000100000000)
  region size 1024K, 1 young (1024K), 1 survivors (1024K)
 Metaspace       used 112315K, capacity 114960K, committed 115584K, reserved 1148928K
  class space    used 14006K, capacity 15025K, committed 15232K, reserved 1048576K
}

