# JRE version: OpenJDK Runtime Environment (11.0.8+10) (build 11.0.8+10-b944.6842174)
# Java VM: OpenJDK 64-Bit Server VM (11.0.8+10-b944.6842174, mixed mode, tiered, compressed oops, g1 gc, windows-amd64)
Heap:
 garbage-first heap   total 157696K, used 87843K [0x0000000080000000, 0x0000000100000000)
  region size 1024K, 51 young (52224K), 7 survivors (7168K)
 Metaspace       used 61965K, capacity 63373K, committed 63616K, reserved 1103872K
  class space    used 7943K, capacity 8456K, committed 8576K, reserved 1048576K
GC Heap History (20 events):
Event: 2.149 GC heap before
{Heap before GC invocations=1 (full 0):
 garbage-first heap   total 131072K, used 19234K [0x0000000080000000, 0x0000000100000000)
  region size 1024K, 13 young (13312K), 2 survivors (2048K)
 Metaspace       used 10450K, capacity 10640K, committed 11008K, reserved 1058816K
  class space    used 1100K, capacity 1164K, committed 1280K, reserved 1048576K
}
Event: 2.154 GC heap after
{Heap after GC invocations=2 (full 0):
 garbage-first heap   total 131072K, used 8481K [0x0000000080000000, 0x0000000100000000)
  region size 1024K, 1 young (1024K), 1 survivors (1024K)
 Metaspace       used 10450K, capacity 10640K, committed 11008K, reserved 1058816K
  class space    used 1100K, capacity 1164K, committed 1280K, reserved 1048576K
}
Event: 2.807 GC heap before
{Heap before GC invocations=2 (full 0):
 garbage-first heap   total 131072K, used 37153K [0x0000000080000000, 0x0000000100000000)
  region size 1024K, 30 young (30720K), 1 survivors (1024K)
 Metaspace       used 10637K, capacity 10897K, committed 11264K, reserved 1058816K
  class space    used 1102K, capacity 1164K, committed 1280K, reserved 1048576K
}
Event: 2.812 GC heap after
{Heap after GC invocations=3 (full 0):
 garbage-first heap   total 131072K, used 12837K [0x0000000080000000, 0x0000000100000000)
  region size 1024K, 4 young (4096K), 4 survivors (4096K)
 Metaspace       used 10637K, capacity 10897K, committed 11264K, reserved 1058816K
  class space    used 1102K, capacity 1164K, committed 1280K, reserved 1048576K
}
Event: 5.542 GC heap before
{Heap before GC invocations=3 (full 0):
 garbage-first heap   total 131072K, used 54821K [0x0000000080000000, 0x0000000100000000)
  region size 1024K, 45 young (46080K), 4 survivors (4096K)
 Metaspace       used 18947K, capacity 19400K, committed 19712K, reserved 1067008K
  class space    used 2291K, capacity 2456K, committed 2560K, reserved 1048576K
}
Event: 5.554 GC heap after
{Heap after GC invocations=4 (full 0):
 garbage-first heap   total 131072K, used 15842K [0x0000000080000000, 0x0000000100000000)
  region size 1024K, 3 young (3072K), 3 survivors (3072K)
 Metaspace       used 18947K, capacity 19400K, committed 19712K, reserved 1067008K
  class space    used 2291K, capacity 2456K, committed 2560K, reserved 1048576K
}
Event: 5.934 GC heap before
{Heap before GC invocations=4 (full 0):
 garbage-first heap   total 131072K, used 27106K [0x0000000080000000, 0x0000000100000000)
  region size 1024K, 16 young (16384K), 3 survivors (3072K)
 Metaspace       used 20650K, capacity 21105K, committed 21248K, reserved 1067008K
  class space    used 2532K, capacity 2710K, committed 2816K, reserved 1048576K
}
Event: 5.944 GC heap after
{Heap after GC invocations=5 (full 0):
 garbage-first heap   total 131072K, used 16422K [0x0000000080000000, 0x0000000100000000)
  region size 1024K, 4 young (4096K), 4 survivors (4096K)
 Metaspace       used 20650K, capacity 21105K, committed 21248K, reserved 1067008K
  class space    used 2532K, capacity 2710K, committed 2816K, reserved 1048576K
}
Event: 7.868 GC heap before
{Heap before GC invocations=6 (full 0):
 garbage-first heap   total 131072K, used 64550K [0x0000000080000000, 0x0000000100000000)
  region size 1024K, 51 young (52224K), 4 survivors (4096K)
 Metaspace       used 26122K, capacity 26735K, committed 27008K, reserved 1073152K
  class space    used 3409K, capacity 3632K, committed 3712K, reserved 1048576K
}
Event: 7.879 GC heap after
{Heap after GC invocations=7 (full 0):
 garbage-first heap   total 131072K, used 18124K [0x0000000080000000, 0x0000000100000000)
  region size 1024K, 6 young (6144K), 6 survivors (6144K)
 Metaspace       used 26122K, capacity 26735K, committed 27008K, reserved 1073152K
  class space    used 3409K, capacity 3632K, committed 3712K, reserved 1048576K
}
Event: 10.620 GC heap before
{Heap before GC invocations=7 (full 0):
 garbage-first heap   total 131072K, used 66252K [0x0000000080000000, 0x0000000100000000)
  region size 1024K, 55 young (56320K), 6 survivors (6144K)
 Metaspace       used 35115K, capacity 35769K, committed 35840K, reserved 1081344K
  class space    used 4566K, capacity 4856K, committed 4864K, reserved 1048576K
}
Event: 10.642 GC heap after
{Heap after GC invocations=8 (full 0):
 garbage-first heap   total 131072K, used 21593K [0x0000000080000000, 0x0000000100000000)
  region size 1024K, 6 young (6144K), 6 survivors (6144K)
 Metaspace       used 35115K, capacity 35769K, committed 35840K, reserved 1081344K
  class space    used 4566K, capacity 4856K, committed 4864K, reserved 1048576K
}
Event: 12.617 GC heap before
{Heap before GC invocations=9 (full 0):
 garbage-first heap   total 131072K, used 90201K [0x0000000080000000, 0x0000000100000000)
  region size 1024K, 70 young (71680K), 6 survivors (6144K)
 Metaspace       used 41427K, capacity 42302K, committed 42624K, reserved 1085440K
  class space    used 5314K, capacity 5642K, committed 5760K, reserved 1048576K
}
Event: 12.637 GC heap after
{Heap after GC invocations=10 (full 0):
 garbage-first heap   total 157696K, used 25259K [0x0000000080000000, 0x0000000100000000)
  region size 1024K, 7 young (7168K), 7 survivors (7168K)
 Metaspace       used 41427K, capacity 42302K, committed 42624K, reserved 1085440K
  class space    used 5314K, capacity 5642K, committed 5760K, reserved 1048576K
}
Event: 14.975 GC heap before
{Heap before GC invocations=10 (full 0):
 garbage-first heap   total 157696K, used 101035K [0x0000000080000000, 0x0000000100000000)
  region size 1024K, 78 young (79872K), 7 survivors (7168K)
 Metaspace       used 45019K, capacity 46181K, committed 46464K, reserved 1089536K
  class space    used 5775K, capacity 6173K, committed 6272K, reserved 1048576K
}
Event: 15.006 GC heap after
{Heap after GC invocations=11 (full 0):
 garbage-first heap   total 157696K, used 36411K [0x0000000080000000, 0x0000000100000000)
  region size 1024K, 10 young (10240K), 10 survivors (10240K)
 Metaspace       used 45019K, capacity 46181K, committed 46464K, reserved 1089536K
  class space    used 5775K, capacity 6173K, committed 6272K, reserved 1048576K
}
Event: 18.799 GC heap before
{Heap before GC invocations=11 (full 0):
 garbage-first heap   total 157696K, used 108091K [0x0000000080000000, 0x0000000100000000)
  region size 1024K, 81 young (82944K), 10 survivors (10240K)
 Metaspace       used 55952K, capacity 57275K, committed 57600K, reserved 1099776K
  class space    used 7112K, capacity 7590K, committed 7680K, reserved 1048576K
}
Event: 18.832 GC heap after
{Heap after GC invocations=12 (full 0):
 garbage-first heap   total 157696K, used 41163K [0x0000000080000000, 0x0000000100000000)
  region size 1024K, 4 young (4096K), 4 survivors (4096K)
 Metaspace       used 55952K, capacity 57275K, committed 57600K, reserved 1099776K
  class space    used 7112K, capacity 7590K, committed 7680K, reserved 1048576K
}
Event: 21.099 GC heap before
{Heap before GC invocations=12 (full 0):
 garbage-first heap   total 157696K, used 72907K [0x0000000080000000, 0x0000000100000000)
  region size 1024K, 35 young (35840K), 4 survivors (4096K)
 Metaspace       used 58768K, capacity 60127K, committed 60160K, reserved 1101824K
  class space    used 7435K, capacity 7932K, committed 7936K, reserved 1048576K
}
Event: 21.131 GC heap after
{Heap after GC invocations=13 (full 0):
 garbage-first heap   total 157696K, used 43811K [0x0000000080000000, 0x0000000100000000)
  region size 1024K, 7 young (7168K), 7 survivors (7168K)
 Metaspace       used 58768K, capacity 60127K, committed 60160K, reserved 1101824K
  class space    used 7435K, capacity 7932K, committed 7936K, reserved 1048576K
}

