# JRE version: OpenJDK Runtime Environment (11.0.8+10) (build 11.0.8+10-b944.6842174)
# Java VM: OpenJDK 64-Bit Server VM (11.0.8+10-b944.6842174, mixed mode, tiered, compressed oops, g1 gc, windows-amd64)
Heap:
 garbage-first heap   total 162816K, used 54246K [0x0000000080000000, 0x0000000100000000)
  region size 1024K, 28 young (28672K), 11 survivors (11264K)
 Metaspace       used 56828K, capacity 58181K, committed 58496K, reserved 1099776K
  class space    used 7225K, capacity 7694K, committed 7808K, reserved 1048576K
GC Heap History (20 events):
Event: 1.499 GC heap before
{Heap before GC invocations=0 (full 0):
 garbage-first heap   total 131072K, used 19456K [0x0000000080000000, 0x0000000100000000)
  region size 1024K, 14 young (14336K), 0 survivors (0K)
 Metaspace       used 7474K, capacity 7675K, committed 7936K, reserved 1056768K
  class space    used 686K, capacity 748K, committed 768K, reserved 1048576K
}
Event: 1.512 GC heap after
{Heap after GC invocations=1 (full 0):
 garbage-first heap   total 131072K, used 7957K [0x0000000080000000, 0x0000000100000000)
  region size 1024K, 2 young (2048K), 2 survivors (2048K)
 Metaspace       used 7474K, capacity 7675K, committed 7936K, reserved 1056768K
  class space    used 686K, capacity 748K, committed 768K, reserved 1048576K
}
Event: 2.536 GC heap before
{Heap before GC invocations=1 (full 0):
 garbage-first heap   total 131072K, used 19221K [0x0000000080000000, 0x0000000100000000)
  region size 1024K, 13 young (13312K), 2 survivors (2048K)
 Metaspace       used 10457K, capacity 10640K, committed 11008K, reserved 1058816K
  class space    used 1100K, capacity 1164K, committed 1280K, reserved 1048576K
}
Event: 2.542 GC heap after
{Heap after GC invocations=2 (full 0):
 garbage-first heap   total 131072K, used 8634K [0x0000000080000000, 0x0000000100000000)
  region size 1024K, 1 young (1024K), 1 survivors (1024K)
 Metaspace       used 10457K, capacity 10640K, committed 11008K, reserved 1058816K
  class space    used 1100K, capacity 1164K, committed 1280K, reserved 1048576K
}
Event: 3.261 GC heap before
{Heap before GC invocations=2 (full 0):
 garbage-first heap   total 131072K, used 34234K [0x0000000080000000, 0x0000000100000000)
  region size 1024K, 27 young (27648K), 1 survivors (1024K)
 Metaspace       used 10627K, capacity 10833K, committed 11008K, reserved 1058816K
  class space    used 1101K, capacity 1164K, committed 1280K, reserved 1048576K
}
Event: 3.266 GC heap after
{Heap after GC invocations=3 (full 0):
 garbage-first heap   total 131072K, used 12327K [0x0000000080000000, 0x0000000100000000)
  region size 1024K, 4 young (4096K), 4 survivors (4096K)
 Metaspace       used 10627K, capacity 10833K, committed 11008K, reserved 1058816K
  class space    used 1101K, capacity 1164K, committed 1280K, reserved 1048576K
}
Event: 6.665 GC heap before
{Heap before GC invocations=3 (full 0):
 garbage-first heap   total 131072K, used 51239K [0x0000000080000000, 0x0000000100000000)
  region size 1024K, 42 young (43008K), 4 survivors (4096K)
 Metaspace       used 18097K, capacity 18524K, committed 18688K, reserved 1064960K
  class space    used 2158K, capacity 2292K, committed 2304K, reserved 1048576K
}
Event: 6.751 GC heap after
{Heap after GC invocations=4 (full 0):
 garbage-first heap   total 131072K, used 15764K [0x0000000080000000, 0x0000000100000000)
  region size 1024K, 4 young (4096K), 4 survivors (4096K)
 Metaspace       used 18097K, capacity 18524K, committed 18688K, reserved 1064960K
  class space    used 2158K, capacity 2292K, committed 2304K, reserved 1048576K
}
Event: 7.275 GC heap before
{Heap before GC invocations=4 (full 0):
 garbage-first heap   total 131072K, used 34196K [0x0000000080000000, 0x0000000100000000)
  region size 1024K, 23 young (23552K), 4 survivors (4096K)
 Metaspace       used 20651K, capacity 21105K, committed 21248K, reserved 1067008K
  class space    used 2533K, capacity 2710K, committed 2816K, reserved 1048576K
}
Event: 7.284 GC heap after
{Heap after GC invocations=5 (full 0):
 garbage-first heap   total 131072K, used 16449K [0x0000000080000000, 0x0000000100000000)
  region size 1024K, 4 young (4096K), 4 survivors (4096K)
 Metaspace       used 20651K, capacity 21105K, committed 21248K, reserved 1067008K
  class space    used 2533K, capacity 2710K, committed 2816K, reserved 1048576K
}
Event: 9.252 GC heap before
{Heap before GC invocations=6 (full 0):
 garbage-first heap   total 131072K, used 67649K [0x0000000080000000, 0x0000000100000000)
  region size 1024K, 54 young (55296K), 4 survivors (4096K)
 Metaspace       used 26343K, capacity 26991K, committed 27008K, reserved 1073152K
  class space    used 3454K, capacity 3696K, committed 3712K, reserved 1048576K
}
Event: 9.265 GC heap after
{Heap after GC invocations=7 (full 0):
 garbage-first heap   total 131072K, used 18378K [0x0000000080000000, 0x0000000100000000)
  region size 1024K, 3 young (3072K), 3 survivors (3072K)
 Metaspace       used 26343K, capacity 26991K, committed 27008K, reserved 1073152K
  class space    used 3454K, capacity 3696K, committed 3712K, reserved 1048576K
}
Event: 11.008 GC heap before
{Heap before GC invocations=7 (full 0):
 garbage-first heap   total 131072K, used 64458K [0x0000000080000000, 0x0000000100000000)
  region size 1024K, 50 young (51200K), 3 survivors (3072K)
 Metaspace       used 35096K, capacity 35737K, committed 35840K, reserved 1081344K
  class space    used 4566K, capacity 4824K, committed 4864K, reserved 1048576K
}
Event: 11.026 GC heap after
{Heap after GC invocations=8 (full 0):
 garbage-first heap   total 131072K, used 21472K [0x0000000080000000, 0x0000000100000000)
  region size 1024K, 6 young (6144K), 6 survivors (6144K)
 Metaspace       used 35096K, capacity 35737K, committed 35840K, reserved 1081344K
  class space    used 4566K, capacity 4824K, committed 4864K, reserved 1048576K
}
Event: 13.120 GC heap before
{Heap before GC invocations=9 (full 0):
 garbage-first heap   total 131072K, used 82912K [0x0000000080000000, 0x0000000100000000)
  region size 1024K, 63 young (64512K), 6 survivors (6144K)
 Metaspace       used 40840K, capacity 41731K, committed 41984K, reserved 1085440K
  class space    used 5219K, capacity 5536K, committed 5632K, reserved 1048576K
}
Event: 13.149 GC heap after
{Heap after GC invocations=10 (full 0):
 garbage-first heap   total 131072K, used 24884K [0x0000000080000000, 0x0000000100000000)
  region size 1024K, 7 young (7168K), 7 survivors (7168K)
 Metaspace       used 40840K, capacity 41731K, committed 41984K, reserved 1085440K
  class space    used 5219K, capacity 5536K, committed 5632K, reserved 1048576K
}
Event: 16.127 GC heap before
{Heap before GC invocations=10 (full 0):
 garbage-first heap   total 131072K, used 87348K [0x0000000080000000, 0x0000000100000000)
  region size 1024K, 68 young (69632K), 7 survivors (7168K)
 Metaspace       used 44372K, capacity 45371K, committed 45568K, reserved 1089536K
  class space    used 5674K, capacity 6046K, committed 6144K, reserved 1048576K
}
Event: 16.150 GC heap after
{Heap after GC invocations=11 (full 0):
 garbage-first heap   total 162816K, used 27473K [0x0000000080000000, 0x0000000100000000)
  region size 1024K, 6 young (6144K), 6 survivors (6144K)
 Metaspace       used 44372K, capacity 45371K, committed 45568K, reserved 1089536K
  class space    used 5674K, capacity 6046K, committed 6144K, reserved 1048576K
}
Event: 23.076 GC heap before
{Heap before GC invocations=11 (full 0):
 garbage-first heap   total 162816K, used 113489K [0x0000000080000000, 0x0000000100000000)
  region size 1024K, 88 young (90112K), 6 survivors (6144K)
 Metaspace       used 55171K, capacity 56551K, committed 56704K, reserved 1097728K
  class space    used 7030K, capacity 7496K, committed 7552K, reserved 1048576K
}
Event: 23.102 GC heap after
{Heap after GC invocations=12 (full 0):
 garbage-first heap   total 162816K, used 38886K [0x0000000080000000, 0x0000000100000000)
  region size 1024K, 11 young (11264K), 11 survivors (11264K)
 Metaspace       used 55171K, capacity 56551K, committed 56704K, reserved 1097728K
  class space    used 7030K, capacity 7496K, committed 7552K, reserved 1048576K
}

